<?xml version="1.0" encoding="UTF-8"?>
<!-- Generated by org.testng.reporters.JUnitReportReporter -->
<testsuite hostname="Sakilroly" failures="0" tests="23" name="com.bdd.Runner_files.Test_Runner_TestNG" time="215.880" errors="0" timestamp="2024-01-09T14:49:52 CST" skipped="0">
  <testcase classname="com.bdd.Runner_files.Test_Runner_TestNG" name="runScenario" time="8.251"/>
  <testcase classname="com.bdd.Runner_files.Test_Runner_TestNG" name="runScenario" time="11.160"/>
  <testcase classname="com.bdd.Runner_files.Test_Runner_TestNG" name="runScenario" time="12.510"/>
  <testcase classname="com.bdd.Runner_files.Test_Runner_TestNG" name="runScenario" time="11.807"/>
  <testcase classname="com.bdd.Runner_files.Test_Runner_TestNG" name="runScenario" time="11.540"/>
  <testcase classname="com.bdd.Runner_files.Test_Runner_TestNG" name="runScenario" time="6.087"/>
  <testcase classname="com.bdd.Runner_files.Test_Runner_TestNG" name="runScenario" time="6.058"/>
  <testcase classname="com.bdd.Runner_files.Test_Runner_TestNG" name="runScenario" time="7.521"/>
  <testcase classname="com.bdd.Runner_files.Test_Runner_TestNG" name="runScenario" time="11.969"/>
  <testcase classname="com.bdd.Runner_files.Test_Runner_TestNG" name="runScenario" time="12.018"/>
  <testcase classname="com.bdd.Runner_files.Test_Runner_TestNG" name="runScenario" time="10.846"/>
  <testcase classname="com.bdd.Runner_files.Test_Runner_TestNG" name="runScenario" time="8.314"/>
  <testcase classname="com.bdd.Runner_files.Test_Runner_TestNG" name="runScenario" time="6.198"/>
  <testcase classname="com.bdd.Runner_files.Test_Runner_TestNG" name="runScenario" time="8.136"/>
  <testcase classname="com.bdd.Runner_files.Test_Runner_TestNG" name="runScenario" time="11.282"/>
  <testcase classname="com.bdd.Runner_files.Test_Runner_TestNG" name="runScenario" time="7.793"/>
  <testcase classname="com.bdd.Runner_files.Test_Runner_TestNG" name="runScenario" time="7.423"/>
  <testcase classname="com.bdd.Runner_files.Test_Runner_TestNG" name="runScenario" time="11.002"/>
  <testcase classname="com.bdd.Runner_files.Test_Runner_TestNG" name="runScenario" time="11.713"/>
  <testcase classname="com.bdd.Runner_files.Test_Runner_TestNG" name="runScenario" time="11.078"/>
  <testcase classname="com.bdd.Runner_files.Test_Runner_TestNG" name="runScenario" time="7.162"/>
  <testcase classname="com.bdd.Runner_files.Test_Runner_TestNG" name="runScenario" time="5.570"/>
  <testcase classname="com.bdd.Runner_files.Test_Runner_TestNG" name="runScenario" time="10.442"/>
</testsuite> <!-- com.bdd.Runner_files.Test_Runner_TestNG -->
